<?xml version="1.0" encoding="UTF-8"?>
<!-- Generated by org.testng.reporters.JUnitXMLReporter -->
<testsuite hostname="ITSVR" name="VCMP App Test Cases" tests="2" failures="2" timestamp="4 May 2018 11:01:17 GMT" time="13.481" errors="0">
  <testcase name="AddressDataTest" time="6.16" classname="com.vcmp.tests.SoldToPageTest">
    <failure type="java.lang.NumberFormatException" message="For input string: &amp;quot;1.0&amp;quot;">
      <![CDATA[java.lang.NumberFormatException: For input string: "1.0"
	at java.lang.NumberFormatException.forInputString(NumberFormatException.java:65)
	at java.lang.Integer.parseInt(Integer.java:580)
	at java.lang.Integer.parseInt(Integer.java:615)
	at com.vcmp.pages.SoldToPage.AddresData(SoldToPage.java:89)
	at com.vcmp.tests.SoldToPageTest.AddressDataTest(SoldToPageTest.java:51)
... Removed 24 stack frames]]>
    </failure>
  </testcase> <!-- AddressDataTest -->
  <testcase name="ControlDataTest" time="0.003" classname="com.vcmp.tests.ControlDataPageTest">
    <failure type="java.lang.NullPointerException">
      <![CDATA[java.lang.NullPointerException
	at com.vcmp.tests.ControlDataPageTest.ControlDataTest(ControlDataPageTest.java:56)
... Removed 24 stack frames]]>
    </failure>
  </testcase> <!-- ControlDataTest -->
</testsuite> <!-- VCMP App Test Cases -->
