<?xml version="1.0" encoding="UTF-8"?>
<testng-results skipped="0" failed="2" total="2" passed="0">
  <reporter-output>
  </reporter-output>
  <suite name="VCMP Application Test Automation Test Suite" duration-ms="13481" started-at="2018-05-04T11:01:03Z" finished-at="2018-05-04T11:01:17Z">
    <groups>
    </groups>
    <test name="VCMP App Test Cases" duration-ms="13481" started-at="2018-05-04T11:01:03Z" finished-at="2018-05-04T11:01:17Z">
      <class name="com.vcmp.tests.SoldToPageTest">
        <test-method status="PASS" signature="Setup()[pri:0, instance:com.vcmp.tests.SoldToPageTest@3bfdc050]" name="Setup" is-config="true" duration-ms="6661" started-at="2018-05-04T16:31:04Z" finished-at="2018-05-04T16:31:11Z">
          <reporter-output>
          </reporter-output>
        </test-method> <!-- Setup -->
        <test-method status="FAIL" signature="AddressDataTest(java.lang.String, java.lang.String, java.lang.String, java.lang.String, java.lang.String, java.lang.String, java.lang.String, java.lang.String, java.lang.String)[pri:0, instance:com.vcmp.tests.SoldToPageTest@3bfdc050]" name="AddressDataTest" duration-ms="6160" started-at="2018-05-04T16:31:11Z" data-provider="getAddrTestData" finished-at="2018-05-04T16:31:17Z">
          <params>
            <param index="0">
              <value>
                <![CDATA[Indigen Technologies]]>
              </value>
            </param>
            <param index="1">
              <value>
                <![CDATA[Indigen]]>
              </value>
            </param>
            <param index="2">
              <value>
                <![CDATA[Str1]]>
              </value>
            </param>
            <param index="3">
              <value>
                <![CDATA[str2]]>
              </value>
            </param>
            <param index="4">
              <value>
                <![CDATA[41101.0]]>
              </value>
            </param>
            <param index="5">
              <value>
                <![CDATA[pune]]>
              </value>
            </param>
            <param index="6">
              <value>
                <![CDATA[In]]>
              </value>
            </param>
            <param index="7">
              <value>
                <![CDATA[1.0]]>
              </value>
            </param>
            <param index="8">
              <value>
                <![CDATA[986147.0]]>
              </value>
            </param>
          </params>
          <exception class="java.lang.NumberFormatException">
            <message>
              <![CDATA[For input string: "1.0"]]>
            </message>
            <full-stacktrace>
              <![CDATA[java.lang.NumberFormatException: For input string: "1.0"
	at java.lang.NumberFormatException.forInputString(NumberFormatException.java:65)
	at java.lang.Integer.parseInt(Integer.java:580)
	at java.lang.Integer.parseInt(Integer.java:615)
	at com.vcmp.pages.SoldToPage.AddresData(SoldToPage.java:89)
	at com.vcmp.tests.SoldToPageTest.AddressDataTest(SoldToPageTest.java:51)
	at sun.reflect.NativeMethodAccessorImpl.invoke0(Native Method)
	at sun.reflect.NativeMethodAccessorImpl.invoke(NativeMethodAccessorImpl.java:62)
	at sun.reflect.DelegatingMethodAccessorImpl.invoke(DelegatingMethodAccessorImpl.java:43)
	at java.lang.reflect.Method.invoke(Method.java:498)
	at org.testng.internal.MethodInvocationHelper.invokeMethod(MethodInvocationHelper.java:80)
	at org.testng.internal.Invoker.invokeMethod(Invoker.java:714)
	at org.testng.internal.Invoker.invokeTestMethod(Invoker.java:901)
	at org.testng.internal.Invoker.invokeTestMethods(Invoker.java:1231)
	at org.testng.internal.TestMethodWorker.invokeTestMethods(TestMethodWorker.java:127)
	at org.testng.internal.TestMethodWorker.run(TestMethodWorker.java:111)
	at org.testng.TestRunner.privateRun(TestRunner.java:767)
	at org.testng.TestRunner.run(TestRunner.java:617)
	at org.testng.SuiteRunner.runTest(SuiteRunner.java:334)
	at org.testng.SuiteRunner.runSequentially(SuiteRunner.java:329)
	at org.testng.SuiteRunner.privateRun(SuiteRunner.java:291)
	at org.testng.SuiteRunner.run(SuiteRunner.java:240)
	at org.testng.SuiteRunnerWorker.runSuite(SuiteRunnerWorker.java:52)
	at org.testng.SuiteRunnerWorker.run(SuiteRunnerWorker.java:86)
	at org.testng.TestNG.runSuitesSequentially(TestNG.java:1198)
	at org.testng.TestNG.runSuitesLocally(TestNG.java:1123)
	at org.testng.TestNG.run(TestNG.java:1031)
	at org.testng.remote.AbstractRemoteTestNG.run(AbstractRemoteTestNG.java:114)
	at org.testng.remote.RemoteTestNG.initAndRun(RemoteTestNG.java:251)
	at org.testng.remote.RemoteTestNG.main(RemoteTestNG.java:77)
]]>
            </full-stacktrace>
          </exception> <!-- java.lang.NumberFormatException -->
          <reporter-output>
          </reporter-output>
        </test-method> <!-- AddressDataTest -->
      </class> <!-- com.vcmp.tests.SoldToPageTest -->
      <class name="com.vcmp.tests.ControlDataPageTest">
        <test-method status="FAIL" signature="ControlDataTest(java.lang.String, java.lang.String, java.lang.String)[pri:0, instance:com.vcmp.tests.ControlDataPageTest@68c4039c]" name="ControlDataTest" duration-ms="3" started-at="2018-05-04T16:31:17Z" data-provider="getControlTestData" finished-at="2018-05-04T16:31:17Z">
          <params>
            <param index="0">
              <value>
                <![CDATA[sdf]]>
              </value>
            </param>
            <param index="1">
              <value>
                <![CDATA[sdfs]]>
              </value>
            </param>
            <param index="2">
              <value>
                <![CDATA[ghfhf]]>
              </value>
            </param>
          </params>
          <exception class="java.lang.NullPointerException">
            <full-stacktrace>
              <![CDATA[java.lang.NullPointerException
	at com.vcmp.tests.ControlDataPageTest.ControlDataTest(ControlDataPageTest.java:56)
	at sun.reflect.NativeMethodAccessorImpl.invoke0(Native Method)
	at sun.reflect.NativeMethodAccessorImpl.invoke(NativeMethodAccessorImpl.java:62)
	at sun.reflect.DelegatingMethodAccessorImpl.invoke(DelegatingMethodAccessorImpl.java:43)
	at java.lang.reflect.Method.invoke(Method.java:498)
	at org.testng.internal.MethodInvocationHelper.invokeMethod(MethodInvocationHelper.java:80)
	at org.testng.internal.Invoker.invokeMethod(Invoker.java:714)
	at org.testng.internal.Invoker.invokeTestMethod(Invoker.java:901)
	at org.testng.internal.Invoker.invokeTestMethods(Invoker.java:1231)
	at org.testng.internal.TestMethodWorker.invokeTestMethods(TestMethodWorker.java:127)
	at org.testng.internal.TestMethodWorker.run(TestMethodWorker.java:111)
	at org.testng.TestRunner.privateRun(TestRunner.java:767)
	at org.testng.TestRunner.run(TestRunner.java:617)
	at org.testng.SuiteRunner.runTest(SuiteRunner.java:334)
	at org.testng.SuiteRunner.runSequentially(SuiteRunner.java:329)
	at org.testng.SuiteRunner.privateRun(SuiteRunner.java:291)
	at org.testng.SuiteRunner.run(SuiteRunner.java:240)
	at org.testng.SuiteRunnerWorker.runSuite(SuiteRunnerWorker.java:52)
	at org.testng.SuiteRunnerWorker.run(SuiteRunnerWorker.java:86)
	at org.testng.TestNG.runSuitesSequentially(TestNG.java:1198)
	at org.testng.TestNG.runSuitesLocally(TestNG.java:1123)
	at org.testng.TestNG.run(TestNG.java:1031)
	at org.testng.remote.AbstractRemoteTestNG.run(AbstractRemoteTestNG.java:114)
	at org.testng.remote.RemoteTestNG.initAndRun(RemoteTestNG.java:251)
	at org.testng.remote.RemoteTestNG.main(RemoteTestNG.java:77)
]]>
            </full-stacktrace>
          </exception> <!-- java.lang.NullPointerException -->
          <reporter-output>
          </reporter-output>
        </test-method> <!-- ControlDataTest -->
      </class> <!-- com.vcmp.tests.ControlDataPageTest -->
    </test> <!-- VCMP App Test Cases -->
  </suite> <!-- VCMP Application Test Automation Test Suite -->
</testng-results>
